<?xml version="1.0" encoding="UTF-8"?>
<!-- Generated by org.testng.reporters.JUnitReportReporter -->
<testsuite hostname="Amz-Lap-005" failures="0" tests="1" name="com.dca.testcases.PunchlistMastersTest" time="31.258" errors="0" timestamp="2020-11-24T18:18:41 IST" skipped="0">
  <testcase classname="com.dca.testcases.PunchlistMastersTest" name="punchlistmaster" time="31.258"/>
  <system-out/>
</testsuite> <!-- com.dca.testcases.PunchlistMastersTest -->
