<?xml version="1.0" encoding="UTF-8"?>
<!-- Generated by org.testng.reporters.JUnitReportReporter -->
<testsuite hostname="Amz-Lap-005" failures="0" tests="1" name="com.dca.testcases.ProjectFilesTest" time="61.445" errors="0" timestamp="2020-11-30T17:03:38 IST" skipped="0">
  <testcase classname="com.dca.testcases.ProjectFilesTest" name="projectFTest" time="61.445"/>
  <system-out/>
</testsuite> <!-- com.dca.testcases.ProjectFilesTest -->
