<?xml version="1.0" encoding="UTF-8"?>
<!-- Generated by org.testng.reporters.JUnitReportReporter -->
<testsuite hostname="Amz-Lap-005" failures="0" tests="1" name="com.dca.testcases.ProjectTeamTest" time="109.857" errors="0" timestamp="2020-11-30T11:38:12 IST" skipped="0">
  <testcase classname="com.dca.testcases.ProjectTeamTest" name="projectteamtest" time="109.857"/>
  <system-out/>
</testsuite> <!-- com.dca.testcases.ProjectTeamTest -->
