<?xml version="1.0" encoding="UTF-8"?>
<!-- Generated by org.testng.reporters.JUnitReportReporter -->
<testsuite skipped="0" hostname="DESKTOP-I5DTRDH" name="com.dca.testcases.LabourExpencetest" tests="1" failures="0" timestamp="2020-11-24T12:55:27 IST" time="66.718" errors="0">
  <testcase name="labour_expence" time="66.718" classname="com.dca.testcases.LabourExpencetest"/>
  <system-out/>
</testsuite> <!-- com.dca.testcases.LabourExpencetest -->
