<?xml version="1.0" encoding="UTF-8"?>
<!-- Generated by org.testng.reporters.JUnitReportReporter -->
<testsuite skipped="0" hostname="DESKTOP-I5DTRDH" name="com.dca.testcases.StaffLeaveTest" tests="1" failures="0" timestamp="2020-11-24T15:52:02 IST" time="44.645" errors="0">
  <testcase name="staff_leave" time="44.645" classname="com.dca.testcases.StaffLeaveTest"/>
  <system-out/>
</testsuite> <!-- com.dca.testcases.StaffLeaveTest -->
