<?xml version="1.0" encoding="UTF-8"?>
<!-- Generated by org.testng.reporters.JUnitReportReporter -->
<testsuite hostname="Amz-Lap-005" failures="0" tests="1" name="com.dca.testcases.ArchitecturalstageMasterTest" time="29.360" errors="0" timestamp="2020-11-30T11:39:47 IST" skipped="0">
  <testcase classname="com.dca.testcases.ArchitecturalstageMasterTest" name="architechstagemaster" time="29.360"/>
  <system-out/>
</testsuite> <!-- com.dca.testcases.ArchitecturalstageMasterTest -->
