<?xml version="1.0" encoding="UTF-8"?>
<!-- Generated by org.testng.reporters.JUnitReportReporter -->
<testsuite skipped="0" hostname="DESKTOP-I5DTRDH" name="com.dca.testcases.ProjectTeamTest" tests="1" failures="0" timestamp="2020-11-24T10:45:41 IST" time="133.455" errors="0">
  <testcase name="projectteamtest" time="133.455" classname="com.dca.testcases.ProjectTeamTest"/>
  <system-out/>
</testsuite> <!-- com.dca.testcases.ProjectTeamTest -->
