<?xml version="1.0" encoding="UTF-8"?>
<!-- Generated by org.testng.reporters.JUnitReportReporter -->
<testsuite hostname="Amz-Lap-005" failures="0" tests="1" name="com.dca.testcases.ProjectActivitiesTest" time="188.561" errors="0" timestamp="2020-11-24T18:51:00 IST" skipped="0">
  <testcase classname="com.dca.testcases.ProjectActivitiesTest" name="projectactivitytest" time="188.561"/>
  <system-out/>
</testsuite> <!-- com.dca.testcases.ProjectActivitiesTest -->
