<?xml version="1.0" encoding="UTF-8"?>
<!-- Generated by org.testng.reporters.JUnitReportReporter -->
<testsuite skipped="0" hostname="DESKTOP-I5DTRDH" name="com.dca.testcases.ProjectActivitiesTest" tests="1" failures="0" timestamp="2020-11-20T17:14:00 IST" time="190.301" errors="0">
  <testcase name="projectactivitytest" time="190.301" classname="com.dca.testcases.ProjectActivitiesTest"/>
  <system-out/>
</testsuite> <!-- com.dca.testcases.ProjectActivitiesTest -->
