<?xml version="1.0" encoding="UTF-8"?>
<!-- Generated by org.testng.reporters.JUnitReportReporter -->
<testsuite hostname="Amz-Lap-005" failures="0" tests="1" name="com.dca.testcases.CommunicationTest" time="91.233" errors="0" timestamp="2020-11-30T14:03:54 IST" skipped="0">
  <testcase classname="com.dca.testcases.CommunicationTest" name="commtest" time="91.233"/>
  <system-out/>
</testsuite> <!-- com.dca.testcases.CommunicationTest -->
