<?xml version="1.0" encoding="UTF-8"?>
<!-- Generated by org.testng.reporters.JUnitReportReporter -->
<testsuite skipped="1" hostname="DESKTOP-I5DTRDH" name="com.dca.testcases.ProjectTimelineTest" tests="1" failures="0" timestamp="2020-11-19T16:38:58 IST" time="0.000" errors="0">
  <testcase name="protimeline" time="0.000" classname="com.dca.testcases.ProjectTimelineTest">
    <skipped/>
  </testcase> <!-- protimeline -->
  <system-out/>
</testsuite> <!-- com.dca.testcases.ProjectTimelineTest -->
