<?xml version="1.0" encoding="UTF-8"?>
<!-- Generated by org.testng.reporters.JUnitReportReporter -->
<testsuite hostname="Amz-Lap-005" failures="0" tests="1" name="com.dca.testcases.BudgetDashboardTest" time="35.521" errors="0" timestamp="2020-11-24T17:47:33 IST" skipped="0">
  <testcase classname="com.dca.testcases.BudgetDashboardTest" name="budgetDTest" time="35.521"/>
  <system-out/>
</testsuite> <!-- com.dca.testcases.BudgetDashboardTest -->
