<?xml version="1.0" encoding="UTF-8"?>
<!-- Generated by org.testng.reporters.JUnitReportReporter -->
<testsuite hostname="Amz-Lap-005" failures="0" tests="1" name="com.dca.testcases.CasasEmployeeTest" time="77.582" errors="0" timestamp="2020-11-30T11:29:07 IST" skipped="0">
  <testcase classname="com.dca.testcases.CasasEmployeeTest" name="casasemployee" time="77.582"/>
  <system-out/>
</testsuite> <!-- com.dca.testcases.CasasEmployeeTest -->
