<?xml version="1.0" encoding="UTF-8"?>
<!-- Generated by org.testng.reporters.JUnitReportReporter -->
<testsuite skipped="0" hostname="DESKTOP-I5DTRDH" name="com.dca.testcases.FieldManagementToolTest" tests="1" failures="0" timestamp="2020-11-27T17:50:08 IST" time="32.298" errors="0">
  <testcase name="fieldmanagetool" time="32.298" classname="com.dca.testcases.FieldManagementToolTest"/>
  <system-out/>
</testsuite> <!-- com.dca.testcases.FieldManagementToolTest -->
