<?xml version="1.0" encoding="UTF-8"?>
<!-- Generated by org.testng.reporters.JUnitReportReporter -->
<testsuite skipped="0" hostname="DESKTOP-I5DTRDH" name="com.dca.testcases.ProjectFilesTest" tests="1" failures="0" timestamp="2020-11-19T18:00:18 IST" time="47.567" errors="0">
  <testcase name="projectFTest" time="47.567" classname="com.dca.testcases.ProjectFilesTest"/>
  <system-out/>
</testsuite> <!-- com.dca.testcases.ProjectFilesTest -->
