<?xml version="1.0" encoding="UTF-8"?>
<!-- Generated by org.testng.reporters.JUnitReportReporter -->
<testsuite skipped="0" hostname="DESKTOP-I5DTRDH" name="com.dca.testcases.LoginPageTest" tests="1" failures="0" timestamp="2020-11-25T18:13:42 IST" time="12.843" errors="0">
  <testcase name="loginTest" time="12.843" classname="com.dca.testcases.LoginPageTest"/>
  <system-out/>
</testsuite> <!-- com.dca.testcases.LoginPageTest -->
