<?xml version="1.0" encoding="UTF-8"?>
<!-- Generated by org.testng.reporters.JUnitReportReporter -->
<testsuite skipped="0" hostname="DESKTOP-I5DTRDH" name="com.dca.testcases.PropertyPageTest" tests="1" failures="0" timestamp="2020-11-25T18:13:42 IST" time="43.325" errors="0">
  <testcase name="propertyreg" time="43.325" classname="com.dca.testcases.PropertyPageTest"/>
  <system-out/>
</testsuite> <!-- com.dca.testcases.PropertyPageTest -->
