<?xml version="1.0" encoding="UTF-8"?>
<!-- Generated by org.testng.reporters.JUnitReportReporter -->
<testsuite hostname="Amz-Lap-005" failures="0" tests="1" name="com.dca.testcases.ProjectEmailsTest" time="43.200" errors="0" timestamp="2020-11-24T18:42:50 IST" skipped="0">
  <testcase classname="com.dca.testcases.ProjectEmailsTest" name="emailTest" time="43.200"/>
  <system-out/>
</testsuite> <!-- com.dca.testcases.ProjectEmailsTest -->
