<?xml version="1.0" encoding="UTF-8"?>
<!-- Generated by org.testng.reporters.JUnitReportReporter -->
<testsuite hostname="Amz-Lap-005" failures="0" tests="1" name="com.dca.testcases.SiteVisitTest" time="189.198" errors="0" timestamp="2020-11-24T18:54:46 IST" skipped="0">
  <testcase classname="com.dca.testcases.SiteVisitTest" name="sitevisittest" time="189.198"/>
  <system-out/>
</testsuite> <!-- com.dca.testcases.SiteVisitTest -->
