<?xml version="1.0" encoding="UTF-8"?>
<!-- Generated by org.testng.reporters.JUnitReportReporter -->
<testsuite hostname="Amz-Lap-005" failures="0" tests="1" name="com.dca.testcases.PunchlistMastersTest" time="33.285" errors="0" timestamp="2020-11-26T11:01:44 IST" skipped="0">
  <testcase classname="com.dca.testcases.PunchlistMastersTest" name="punchlistmaster" time="33.285"/>
  <system-out/>
</testsuite> <!-- com.dca.testcases.PunchlistMastersTest -->
