<?xml version="1.0" encoding="UTF-8"?>
<!-- Generated by org.testng.reporters.JUnitReportReporter -->
<testsuite skipped="0" hostname="DESKTOP-I5DTRDH" name="com.dca.testcases.SupplierInvoiceTest" tests="1" failures="0" timestamp="2020-11-20T18:04:51 IST" time="113.859" errors="0">
  <testcase name="supplier_invoice_test" time="113.859" classname="com.dca.testcases.SupplierInvoiceTest"/>
  <system-out/>
</testsuite> <!-- com.dca.testcases.SupplierInvoiceTest -->
