<?xml version="1.0" encoding="UTF-8"?>
<!-- Generated by org.testng.reporters.JUnitReportReporter -->
<testsuite skipped="0" hostname="DESKTOP-I5DTRDH" name="com.dca.testcases.SiteVisitTest" tests="1" failures="0" timestamp="2020-12-01T14:30:44 IST" time="172.983" errors="0">
  <testcase name="sitevisittest" time="172.983" classname="com.dca.testcases.SiteVisitTest"/>
  <system-out/>
</testsuite> <!-- com.dca.testcases.SiteVisitTest -->
