<?xml version="1.0" encoding="UTF-8"?>
<!-- Generated by org.testng.reporters.JUnitReportReporter -->
<testsuite hostname="Amz-Lap-005" failures="0" tests="1" name="com.dca.testcases.Announcementtest" time="55.702" errors="0" timestamp="2020-11-30T12:10:03 IST" skipped="0">
  <testcase classname="com.dca.testcases.Announcementtest" name="announcements" time="55.702"/>
  <system-out/>
</testsuite> <!-- com.dca.testcases.Announcementtest -->
