<?xml version="1.0" encoding="UTF-8"?>
<!-- Generated by org.testng.reporters.JUnitReportReporter -->
<testsuite skipped="0" hostname="DESKTOP-I5DTRDH" name="com.dca.testcases.AseetsTest" tests="1" failures="0" timestamp="2020-11-24T14:25:22 IST" time="70.020" errors="0">
  <testcase name="assets" time="70.020" classname="com.dca.testcases.AseetsTest"/>
  <system-out/>
</testsuite> <!-- com.dca.testcases.AseetsTest -->
