<?xml version="1.0" encoding="UTF-8"?>
<!-- Generated by org.testng.reporters.JUnitReportReporter -->
<testsuite hostname="Amz-Lap-005" failures="0" tests="1" name="com.dca.testcases.MyTaskTest" time="32.217" errors="0" timestamp="2020-11-24T18:55:50 IST" skipped="0">
  <testcase classname="com.dca.testcases.MyTaskTest" name="mytasktest" time="32.217"/>
  <system-out/>
</testsuite> <!-- com.dca.testcases.MyTaskTest -->
