<?xml version="1.0" encoding="UTF-8"?>
<!-- Generated by org.testng.reporters.JUnitReportReporter -->
<testsuite skipped="0" hostname="DESKTOP-I5DTRDH" name="com.dca.testcases.MyTaskTest" tests="1" failures="0" timestamp="2020-11-20T17:21:25 IST" time="88.401" errors="0">
  <testcase name="mytasktest" time="88.401" classname="com.dca.testcases.MyTaskTest"/>
  <system-out/>
</testsuite> <!-- com.dca.testcases.MyTaskTest -->
