<?xml version="1.0" encoding="UTF-8"?>
<!-- Generated by org.testng.reporters.JUnitReportReporter -->
<testsuite skipped="0" hostname="DESKTOP-I5DTRDH" name="com.dca.testcases.ProjectEmailsTest" tests="1" failures="0" timestamp="2020-11-30T15:47:49 IST" time="55.381" errors="0">
  <testcase name="emailTest" time="55.381" classname="com.dca.testcases.ProjectEmailsTest"/>
  <system-out/>
</testsuite> <!-- com.dca.testcases.ProjectEmailsTest -->
