<?xml version="1.0" encoding="UTF-8"?>
<!-- Generated by org.testng.reporters.JUnitReportReporter -->
<testsuite skipped="0" hostname="DESKTOP-I5DTRDH" name="com.dca.testcases.ProjectTeamTest" tests="1" failures="0" timestamp="2020-11-30T14:30:41 IST" time="139.409" errors="0">
  <testcase name="projectteamtest" time="139.409" classname="com.dca.testcases.ProjectTeamTest"/>
  <system-out/>
</testsuite> <!-- com.dca.testcases.ProjectTeamTest -->
