<?xml version="1.0" encoding="UTF-8"?>
<!-- Generated by org.testng.reporters.JUnitReportReporter -->
<testsuite skipped="0" hostname="DESKTOP-I5DTRDH" name="com.dca.testcases.SupplierOnlyTest" tests="2" failures="0" timestamp="2020-11-20T17:33:18 IST" time="119.477" errors="0">
  <testcase name="supplier_only_test" time="76.305" classname="com.dca.testcases.SupplierOnlyTest"/>
  <system-out/>
  <testcase name="inventory" time="43.172" classname="com.dca.testcases.SupplierOnlyTest"/>
  <system-out/>
</testsuite> <!-- com.dca.testcases.SupplierOnlyTest -->
