<?xml version="1.0" encoding="UTF-8"?>
<!-- Generated by org.testng.reporters.JUnitReportReporter -->
<testsuite skipped="0" hostname="DESKTOP-I5DTRDH" name="com.dca.testcases.StaffLeaveTest" tests="1" failures="0" timestamp="2020-11-20T15:46:13 IST" time="30.874" errors="0">
  <testcase name="staff_leave" time="30.874" classname="com.dca.testcases.StaffLeaveTest"/>
  <system-out/>
</testsuite> <!-- com.dca.testcases.StaffLeaveTest -->
