<?xml version="1.0" encoding="UTF-8"?>
<!-- Generated by org.testng.reporters.JUnitReportReporter -->
<testsuite skipped="0" hostname="DESKTOP-I5DTRDH" name="com.dca.testcases.Announcementtest" tests="1" failures="0" timestamp="2020-11-24T10:33:44 IST" time="48.218" errors="0">
  <testcase name="announcements" time="48.218" classname="com.dca.testcases.Announcementtest"/>
  <system-out/>
</testsuite> <!-- com.dca.testcases.Announcementtest -->
