<?xml version="1.0" encoding="UTF-8"?>
<!-- Generated by org.testng.reporters.JUnitReportReporter -->
<testsuite skipped="0" hostname="DESKTOP-I5DTRDH" name="com.dca.testcases.CommunicationTest" tests="1" failures="0" timestamp="2020-11-20T16:05:51 IST" time="36.616" errors="0">
  <testcase name="commtest" time="36.616" classname="com.dca.testcases.CommunicationTest"/>
  <system-out/>
</testsuite> <!-- com.dca.testcases.CommunicationTest -->
