<?xml version="1.0" encoding="UTF-8"?>
<!-- Generated by org.testng.reporters.JUnitReportReporter -->
<testsuite skipped="0" hostname="DESKTOP-I5DTRDH" name="com.dca.testcases.PropertyPageTest" tests="1" failures="0" timestamp="2020-11-20T14:36:06 IST" time="23.596" errors="0">
  <testcase name="propertyreg" time="23.596" classname="com.dca.testcases.PropertyPageTest"/>
  <system-out/>
</testsuite> <!-- com.dca.testcases.PropertyPageTest -->
