<?xml version="1.0" encoding="UTF-8"?>
<!-- Generated by org.testng.reporters.JUnitReportReporter -->
<testsuite hostname="Amz-Lap-005" failures="0" tests="1" name="com.dca.testcases.Communication_meetingtest" time="25.431" errors="0" timestamp="2020-11-24T18:41:30 IST" skipped="0">
  <testcase classname="com.dca.testcases.Communication_meetingtest" name="comm_meeting" time="25.431"/>
  <system-out/>
</testsuite> <!-- com.dca.testcases.Communication_meetingtest -->
