<?xml version="1.0" encoding="UTF-8"?>
<!-- Generated by org.testng.reporters.JUnitReportReporter -->
<testsuite hostname="Amz-Lap-005" failures="0" tests="2" name="com.dca.testcases.SupplierOnlyTest" time="83.749" errors="0" timestamp="2020-11-24T18:01:09 IST" skipped="0">
  <testcase classname="com.dca.testcases.SupplierOnlyTest" name="supplier_only_test" time="37.550"/>
  <system-out/>
  <testcase classname="com.dca.testcases.SupplierOnlyTest" name="inventory" time="46.199"/>
  <system-out/>
</testsuite> <!-- com.dca.testcases.SupplierOnlyTest -->
