<?xml version="1.0" encoding="UTF-8"?>
<!-- Generated by org.testng.reporters.JUnitReportReporter -->
<testsuite hostname="Amz-Lap-005" failures="0" tests="1" name="com.dca.testcases.AseetsTest" time="68.714" errors="0" timestamp="2020-11-24T18:03:11 IST" skipped="0">
  <testcase classname="com.dca.testcases.AseetsTest" name="assets" time="68.714"/>
  <system-out/>
</testsuite> <!-- com.dca.testcases.AseetsTest -->
