<?xml version="1.0" encoding="UTF-8"?>
<!-- Generated by org.testng.reporters.JUnitReportReporter -->
<testsuite skipped="0" hostname="DESKTOP-I5DTRDH" name="com.dca.testcases.ArchitecturalstageMasterTest" tests="1" failures="0" timestamp="2020-11-24T16:46:44 IST" time="30.958" errors="0">
  <testcase name="stagemaster" time="30.958" classname="com.dca.testcases.ArchitecturalstageMasterTest"/>
  <system-out/>
</testsuite> <!-- com.dca.testcases.ArchitecturalstageMasterTest -->
