<?xml version="1.0" encoding="UTF-8"?>
<!-- Generated by org.testng.reporters.JUnitReportReporter -->
<testsuite hostname="Amz-Lap-005" failures="0" tests="1" name="com.dca.testcases.LabourExpencetest" time="28.883" errors="0" timestamp="2020-11-26T11:55:08 IST" skipped="0">
  <testcase classname="com.dca.testcases.LabourExpencetest" name="labour_expence" time="28.883"/>
  <system-out/>
</testsuite> <!-- com.dca.testcases.LabourExpencetest -->
