<?xml version="1.0" encoding="UTF-8"?>
<!-- Generated by org.testng.reporters.JUnitReportReporter -->
<testsuite hostname="Amz-Lap-005" failures="0" tests="1" name="com.dca.testcases.MyTaskTest" time="34.304" errors="0" timestamp="2020-11-25T19:27:53 IST" skipped="0">
  <testcase classname="com.dca.testcases.MyTaskTest" name="mytasktest" time="34.304"/>
  <system-out/>
</testsuite> <!-- com.dca.testcases.MyTaskTest -->
