<?xml version="1.0" encoding="UTF-8"?>
<!-- Generated by org.testng.reporters.JUnitReportReporter -->
<testsuite skipped="0" hostname="DESKTOP-I5DTRDH" name="com.dca.testcases.ProjectActivitiesTest" tests="1" failures="0" timestamp="2020-11-24T11:22:01 IST" time="191.420" errors="0">
  <testcase name="projectactivitytest" time="191.420" classname="com.dca.testcases.ProjectActivitiesTest"/>
  <system-out/>
</testsuite> <!-- com.dca.testcases.ProjectActivitiesTest -->
