<?xml version="1.0" encoding="UTF-8"?>
<!-- Generated by org.testng.reporters.JUnitReportReporter -->
<testsuite hostname="Amz-Lap-005" failures="0" tests="2" name="com.dca.testcases.PropertyPageTest" time="138.368" errors="0" timestamp="2020-11-30T17:07:29 IST" skipped="0">
  <testcase classname="com.dca.testcases.PropertyPageTest" name="propertyreg" time="70.644"/>
  <system-out/>
  <testcase classname="com.dca.testcases.PropertyPageTest" name="propertyreg" time="67.724"/>
  <system-out/>
</testsuite> <!-- com.dca.testcases.PropertyPageTest -->
