<?xml version="1.0" encoding="UTF-8"?>
<!-- Generated by org.testng.reporters.JUnitReportReporter -->
<testsuite skipped="0" hostname="DESKTOP-I5DTRDH" name="com.dca.testcases.ProjectEmailsTest" tests="1" failures="0" timestamp="2020-11-20T16:18:32 IST" time="81.437" errors="0">
  <testcase name="emailTest" time="81.437" classname="com.dca.testcases.ProjectEmailsTest"/>
  <system-out/>
</testsuite> <!-- com.dca.testcases.ProjectEmailsTest -->
