<?xml version="1.0" encoding="UTF-8"?>
<!-- Generated by org.testng.reporters.JUnitReportReporter -->
<testsuite skipped="0" hostname="DESKTOP-I5DTRDH" name="com.dca.testcases.SiteVisitTest" tests="1" failures="0" timestamp="2020-11-24T11:34:11 IST" time="191.892" errors="0">
  <testcase name="sitevisittest" time="191.892" classname="com.dca.testcases.SiteVisitTest"/>
  <system-out/>
</testsuite> <!-- com.dca.testcases.SiteVisitTest -->
