<?xml version="1.0" encoding="UTF-8"?>
<!-- Generated by org.testng.reporters.JUnitReportReporter -->
<testsuite hostname="Amz-Lap-005" failures="0" tests="1" name="com.dca.testcases.PropertyactionsTest" time="49.951" errors="0" timestamp="2020-11-24T17:36:31 IST" skipped="0">
  <testcase classname="com.dca.testcases.PropertyactionsTest" name="adnew" time="49.951"/>
  <system-out/>
</testsuite> <!-- com.dca.testcases.PropertyactionsTest -->
