<?xml version="1.0" encoding="UTF-8"?>
<!-- Generated by org.testng.reporters.JUnitReportReporter -->
<testsuite skipped="0" hostname="DESKTOP-I5DTRDH" name="com.dca.testcases.PropertyactionsTest" tests="1" failures="0" timestamp="2020-11-30T10:42:18 IST" time="63.800" errors="0">
  <testcase name="propertyActions" time="63.800" classname="com.dca.testcases.PropertyactionsTest"/>
  <system-out/>
</testsuite> <!-- com.dca.testcases.PropertyactionsTest -->
