<?xml version="1.0" encoding="UTF-8"?>
<!-- Generated by org.testng.reporters.JUnitReportReporter -->
<testsuite hostname="Amz-Lap-005" failures="0" tests="1" name="com.dca.testcases.ProjectFilesTest" time="108.155" errors="0" timestamp="2020-11-24T14:58:56 IST" skipped="0">
  <testcase classname="com.dca.testcases.ProjectFilesTest" name="projectFTest" time="108.155"/>
  <system-out/>
</testsuite> <!-- com.dca.testcases.ProjectFilesTest -->
