<?xml version="1.0" encoding="UTF-8"?>
<!-- Generated by org.testng.reporters.JUnitReportReporter -->
<testsuite skipped="0" hostname="DESKTOP-I5DTRDH" name="com.dca.testcases.BudgetDashboardTest" tests="1" failures="0" timestamp="2020-11-24T10:47:35 IST" time="36.999" errors="0">
  <testcase name="budgetDTest" time="36.999" classname="com.dca.testcases.BudgetDashboardTest"/>
  <system-out/>
</testsuite> <!-- com.dca.testcases.BudgetDashboardTest -->
