<?xml version="1.0" encoding="UTF-8"?>
<!-- Generated by org.testng.reporters.JUnitReportReporter -->
<testsuite hostname="Amz-Lap-005" failures="0" tests="1" name="com.dca.testcases.LocatorRequestTest" time="24.671" errors="0" timestamp="2020-11-24T18:44:00 IST" skipped="0">
  <testcase classname="com.dca.testcases.LocatorRequestTest" name="locator_test" time="24.671"/>
  <system-out/>
</testsuite> <!-- com.dca.testcases.LocatorRequestTest -->
