<?xml version="1.0" encoding="UTF-8"?>
<!-- Generated by org.testng.reporters.JUnitReportReporter -->
<testsuite hostname="Amz-Lap-005" failures="0" tests="1" name="com.dca.testcases.PropertyactionsTest" time="38.473" errors="0" timestamp="2020-11-26T12:55:19 IST" skipped="0">
  <testcase classname="com.dca.testcases.PropertyactionsTest" name="propertyActions" time="38.473"/>
  <system-out/>
</testsuite> <!-- com.dca.testcases.PropertyactionsTest -->
