<?xml version="1.0" encoding="UTF-8"?>
<!-- Generated by org.testng.reporters.JUnitReportReporter -->
<testsuite hostname="Amz-Lap-005" failures="0" tests="1" name="com.dca.testcases.StaffLeaveTest" time="33.735" errors="0" timestamp="2020-11-24T18:11:02 IST" skipped="0">
  <testcase classname="com.dca.testcases.StaffLeaveTest" name="staff_leave" time="33.735"/>
  <system-out/>
</testsuite> <!-- com.dca.testcases.StaffLeaveTest -->
