<?xml version="1.0" encoding="UTF-8"?>
<!-- Generated by org.testng.reporters.JUnitReportReporter -->
<testsuite hostname="Amz-Lap-005" failures="0" tests="1" name="com.dca.testcases.ArchitecturalstageMasterTest" time="38.197" errors="0" timestamp="2020-11-26T10:48:03 IST" skipped="0">
  <testcase classname="com.dca.testcases.ArchitecturalstageMasterTest" name="architechstagemaster" time="38.197"/>
  <system-out/>
</testsuite> <!-- com.dca.testcases.ArchitecturalstageMasterTest -->
