<?xml version="1.0" encoding="UTF-8"?>
<!-- Generated by org.testng.reporters.JUnitReportReporter -->
<testsuite hostname="Amz-Lap-005" failures="0" tests="1" name="com.dca.testcases.LoginPageTest" time="13.130" errors="0" timestamp="2020-12-01T16:43:00 IST" skipped="0">
  <testcase classname="com.dca.testcases.LoginPageTest" name="loginTest" time="13.130"/>
  <system-out/>
</testsuite> <!-- com.dca.testcases.LoginPageTest -->
