<?xml version="1.0" encoding="UTF-8"?>
<!-- Generated by org.testng.reporters.JUnitReportReporter -->
<testsuite hostname="Amz-Lap-005" failures="0" tests="1" name="com.dca.testcases.LocatorRequestTest" time="25.548" errors="0" timestamp="2020-11-30T14:31:27 IST" skipped="0">
  <testcase classname="com.dca.testcases.LocatorRequestTest" name="locator_test" time="25.548"/>
  <system-out/>
</testsuite> <!-- com.dca.testcases.LocatorRequestTest -->
