<?xml version="1.0" encoding="UTF-8"?>
<!-- Generated by org.testng.reporters.JUnitReportReporter -->
<testsuite skipped="0" hostname="DESKTOP-I5DTRDH" name="com.dca.testcases.Announcementtest" tests="1" failures="0" timestamp="2020-11-19T18:28:46 IST" time="25.660" errors="0">
  <testcase name="announcements" time="25.660" classname="com.dca.testcases.Announcementtest"/>
  <system-out/>
</testsuite> <!-- com.dca.testcases.Announcementtest -->
