<?xml version="1.0" encoding="UTF-8"?>
<!-- Generated by org.testng.reporters.JUnitReportReporter -->
<testsuite hostname="Amz-Lap-005" failures="0" tests="1" name="com.dca.testcases.ProjectTeamTest" time="130.111" errors="0" timestamp="2020-11-24T17:45:23 IST" skipped="0">
  <testcase classname="com.dca.testcases.ProjectTeamTest" name="projectteamtest" time="130.111"/>
  <system-out/>
</testsuite> <!-- com.dca.testcases.ProjectTeamTest -->
