<?xml version="1.0" encoding="UTF-8"?>
<!-- Generated by org.testng.reporters.JUnitReportReporter -->
<testsuite skipped="0" hostname="DESKTOP-I5DTRDH" name="com.dca.testcases.MyTaskTest" tests="1" failures="0" timestamp="2020-11-24T11:35:46 IST" time="53.676" errors="0">
  <testcase name="mytasktest" time="53.676" classname="com.dca.testcases.MyTaskTest"/>
  <system-out/>
</testsuite> <!-- com.dca.testcases.MyTaskTest -->
