<?xml version="1.0" encoding="UTF-8"?>
<!-- Generated by org.testng.reporters.JUnitReportReporter -->
<testsuite hostname="Amz-Lap-005" failures="0" tests="1" name="com.dca.testcases.StaffLeaveTest" time="34.515" errors="0" timestamp="2020-11-30T12:47:24 IST" skipped="0">
  <testcase classname="com.dca.testcases.StaffLeaveTest" name="staff_leave" time="34.515"/>
  <system-out/>
</testsuite> <!-- com.dca.testcases.StaffLeaveTest -->
