<?xml version="1.0" encoding="UTF-8"?>
<!-- Generated by org.testng.reporters.JUnitReportReporter -->
<testsuite skipped="0" hostname="DESKTOP-I5DTRDH" name="com.dca.testcases.ActionItemTest" tests="1" failures="0" timestamp="2020-11-20T17:00:43 IST" time="164.193" errors="0">
  <testcase name="actionitem" time="164.193" classname="com.dca.testcases.ActionItemTest"/>
  <system-out/>
</testsuite> <!-- com.dca.testcases.ActionItemTest -->
