<?xml version="1.0" encoding="UTF-8"?>
<!-- Generated by org.testng.reporters.JUnitReportReporter -->
<testsuite skipped="0" hostname="DESKTOP-I5DTRDH" name="com.dca.testcases.PunchlistMastersTest" tests="1" failures="0" timestamp="2020-11-24T16:48:17 IST" time="50.796" errors="0">
  <testcase name="punchlistmaster" time="50.796" classname="com.dca.testcases.PunchlistMastersTest"/>
  <system-out/>
</testsuite> <!-- com.dca.testcases.PunchlistMastersTest -->
