<?xml version="1.0" encoding="UTF-8"?>
<!-- Generated by org.testng.reporters.JUnitReportReporter -->
<testsuite hostname="Amz-Lap-005" failures="0" tests="1" name="com.dca.testcases.ClientContactTest" time="45.651" errors="0" timestamp="2020-11-30T12:46:19 IST" skipped="0">
  <testcase classname="com.dca.testcases.ClientContactTest" name="client_contact" time="45.651"/>
  <system-out/>
</testsuite> <!-- com.dca.testcases.ClientContactTest -->
