<?xml version="1.0" encoding="UTF-8"?>
<!-- Generated by org.testng.reporters.JUnitReportReporter -->
<testsuite hostname="Amz-Lap-005" failures="0" tests="1" name="com.dca.testcases.AseetsTest" time="111.773" errors="0" timestamp="2020-11-30T12:33:47 IST" skipped="0">
  <testcase classname="com.dca.testcases.AseetsTest" name="assets" time="111.773"/>
  <system-out/>
</testsuite> <!-- com.dca.testcases.AseetsTest -->
