<?xml version="1.0" encoding="UTF-8"?>
<!-- Generated by org.testng.reporters.JUnitReportReporter -->
<testsuite skipped="0" hostname="DESKTOP-I5DTRDH" name="com.dca.testcases.ClientContactTest" tests="1" failures="0" timestamp="2020-11-20T15:35:50 IST" time="39.527" errors="0">
  <testcase name="client_contact" time="39.527" classname="com.dca.testcases.ClientContactTest"/>
  <system-out/>
</testsuite> <!-- com.dca.testcases.ClientContactTest -->
