<?xml version="1.0" encoding="UTF-8"?>
<!-- Generated by org.testng.reporters.JUnitReportReporter -->
<testsuite hostname="Amz-Lap-005" failures="0" tests="1" name="com.dca.testcases.LabourTest" time="24.263" errors="0" timestamp="2020-12-01T14:15:17 IST" skipped="0">
  <testcase classname="com.dca.testcases.LabourTest" name="labour_test" time="24.263"/>
  <system-out/>
</testsuite> <!-- com.dca.testcases.LabourTest -->
