<?xml version="1.0" encoding="UTF-8"?>
<!-- Generated by org.testng.reporters.JUnitReportReporter -->
<testsuite skipped="0" hostname="DESKTOP-I5DTRDH" name="com.dca.testcases.Communication_meetingtest" tests="1" failures="0" timestamp="2020-11-20T16:07:39 IST" time="68.014" errors="0">
  <testcase name="comm_meeting" time="68.014" classname="com.dca.testcases.Communication_meetingtest"/>
  <system-out/>
</testsuite> <!-- com.dca.testcases.Communication_meetingtest -->
