<?xml version="1.0" encoding="UTF-8"?>
<!-- Generated by org.testng.reporters.JUnitReportReporter -->
<testsuite skipped="0" hostname="DESKTOP-I5DTRDH" name="com.dca.testcases.ProjectActivitiesTest" tests="1" failures="0" timestamp="2020-12-01T14:25:24 IST" time="160.599" errors="0">
  <testcase name="projectactivitytest" time="160.599" classname="com.dca.testcases.ProjectActivitiesTest"/>
  <system-out/>
</testsuite> <!-- com.dca.testcases.ProjectActivitiesTest -->
