<?xml version="1.0" encoding="UTF-8"?>
<!-- Generated by org.testng.reporters.JUnitReportReporter -->
<testsuite hostname="Amz-Lap-005" failures="0" tests="1" name="com.dca.testcases.MaterialExpencesTest" time="43.064" errors="0" timestamp="2020-11-30T14:32:44 IST" skipped="0">
  <testcase classname="com.dca.testcases.MaterialExpencesTest" name="material_expences" time="43.064"/>
  <system-out/>
</testsuite> <!-- com.dca.testcases.MaterialExpencesTest -->
