<?xml version="1.0" encoding="UTF-8"?>
<!-- Generated by org.testng.reporters.JUnitReportReporter -->
<testsuite hostname="Amz-Lap-005" failures="0" tests="1" name="com.dca.testcases.PropertyPageTest" time="79.125" errors="0" timestamp="2020-11-28T14:52:48 IST" skipped="0">
  <testcase classname="com.dca.testcases.PropertyPageTest" name="propertyreg" time="79.125"/>
  <system-out/>
</testsuite> <!-- com.dca.testcases.PropertyPageTest -->
