<?xml version="1.0" encoding="UTF-8"?>
<!-- Generated by org.testng.reporters.JUnitReportReporter -->
<testsuite skipped="0" hostname="DESKTOP-I5DTRDH" name="com.dca.testcases.CasasEmployeeTest" tests="1" failures="0" timestamp="2020-11-20T14:55:05 IST" time="37.797" errors="0">
  <testcase name="casasemployee" time="37.797" classname="com.dca.testcases.CasasEmployeeTest"/>
  <system-out/>
</testsuite> <!-- com.dca.testcases.CasasEmployeeTest -->
